Using pre-set license
Built from '2021.3/staging' branch; Version is '2021.3.6f1 (7da38d85baf6) revision 8233869'; Using compiler version '192829333'; Build Type 'Release'
OS: 'Windows 10  (10.0.19043) 64bit Core' Language: 'en' Physical Memory: 16310 MB
BatchMode: 1, IsHumanControllingUs: 0, StartBugReporterOnCrash: 0, Is64bit: 1, IsPro: 1

COMMAND LINE ARGUMENTS:
C:\Program Files\Unity\Hub\Editor\2021.3.6f1\Editor\Unity.exe
-adb2
-batchMode
-noUpm
-name
AssetImportWorker2
-projectPath
C:/Users/diang/OneDrive/Documents/GitHub/AngelinaSantiago_MTEC2120_Terrain_Tools
-logFile
Logs/AssetImportWorker2.log
-srvPort
58182
Successfully changed project path to: C:/Users/diang/OneDrive/Documents/GitHub/AngelinaSantiago_MTEC2120_Terrain_Tools
C:/Users/diang/OneDrive/Documents/GitHub/AngelinaSantiago_MTEC2120_Terrain_Tools
[UnityMemory] Configuration Parameters - Can be set up in boot.config
    "memorysetup-bucket-allocator-granularity=16"
    "memorysetup-bucket-allocator-bucket-count=8"
    "memorysetup-bucket-allocator-block-size=33554432"
    "memorysetup-bucket-allocator-block-count=8"
    "memorysetup-main-allocator-block-size=16777216"
    "memorysetup-thread-allocator-block-size=16777216"
    "memorysetup-gfx-main-allocator-block-size=16777216"
    "memorysetup-gfx-thread-allocator-block-size=16777216"
    "memorysetup-cache-allocator-block-size=4194304"
    "memorysetup-typetree-allocator-block-size=2097152"
    "memorysetup-profiler-bucket-allocator-granularity=16"
    "memorysetup-profiler-bucket-allocator-bucket-count=8"
    "memorysetup-profiler-bucket-allocator-block-size=33554432"
    "memorysetup-profiler-bucket-allocator-block-count=8"
    "memorysetup-profiler-allocator-block-size=16777216"
    "memorysetup-profiler-editor-allocator-block-size=1048576"
    "memorysetup-temp-allocator-size-main=16777216"
    "memorysetup-job-temp-allocator-block-size=2097152"
    "memorysetup-job-temp-allocator-block-size-background=1048576"
    "memorysetup-job-temp-allocator-reduction-small-platforms=262144"
    "memorysetup-temp-allocator-size-background-worker=32768"
    "memorysetup-temp-allocator-size-job-worker=262144"
    "memorysetup-temp-allocator-size-preload-manager=33554432"
    "memorysetup-temp-allocator-size-nav-mesh-worker=65536"
    "memorysetup-temp-allocator-size-audio-worker=65536"
    "memorysetup-temp-allocator-size-cloud-worker=32768"
    "memorysetup-temp-allocator-size-gi-baking-worker=262144"
    "memorysetup-temp-allocator-size-gfx=262144"
Refreshing native plugins compatible for Editor in 80.48 ms, found 3 plugins.
Preloading 0 native plugins for Editor in 0.00 ms.
Initialize engine version: 2021.3.6f1 (7da38d85baf6)
[Subsystems] Discovering subsystems at path C:/Program Files/Unity/Hub/Editor/2021.3.6f1/Editor/Data/Resources/UnitySubsystems
[Subsystems] Discovering subsystems at path C:/Users/diang/OneDrive/Documents/GitHub/AngelinaSantiago_MTEC2120_Terrain_Tools/Assets
GfxDevice: creating device client; threaded=0; jobified=0
Direct3D:
    Version:  Direct3D 11.0 [level 11.1]
    Renderer: NVIDIA GeForce RTX 3050 (ID=0x2507)
    Vendor:   NVIDIA
    VRAM:     8070 MB
    Driver:   30.0.15.1277
Initialize mono
Mono path[0] = 'C:/Program Files/Unity/Hub/Editor/2021.3.6f1/Editor/Data/Managed'
Mono path[1] = 'C:/Program Files/Unity/Hub/Editor/2021.3.6f1/Editor/Data/MonoBleedingEdge/lib/mono/unityjit-win32'
Mono config path = 'C:/Program Files/Unity/Hub/Editor/2021.3.6f1/Editor/Data/MonoBleedingEdge/etc'
Using monoOptions --debugger-agent=transport=dt_socket,embedding=1,server=y,suspend=n,address=127.0.0.1:56752
Begin MonoManager ReloadAssembly
Registering precompiled unity dll's ...
Register platform support module: C:/Program Files/Unity/Hub/Editor/2021.3.6f1/Editor/Data/PlaybackEngines/WebGLSupport/UnityEditor.WebGL.Extensions.dll
Register platform support module: C:/Program Files/Unity/Hub/Editor/2021.3.6f1/Editor/Data/PlaybackEngines/WindowsStandaloneSupport/UnityEditor.WindowsStandalone.Extensions.dll
Registered in 0.007667 seconds.
Native extension for WindowsStandalone target not found
Native extension for WebGL target not found
Refreshing native plugins compatible for Editor in 70.77 ms, found 3 plugins.
Preloading 0 native plugins for Editor in 0.00 ms.
Mono: successfully reloaded assembly
- Completed reload, in  0.537 seconds
Domain Reload Profiling:
	ReloadAssembly (538ms)
		BeginReloadAssembly (71ms)
			ExecutionOrderSort (0ms)
			DisableScriptedObjects (0ms)
			BackupInstance (0ms)
			ReleaseScriptingObjects (0ms)
			CreateAndSetChildDomain (1ms)
		EndReloadAssembly (372ms)
			LoadAssemblies (69ms)
			RebuildTransferFunctionScriptingTraits (0ms)
			SetupTypeCache (77ms)
			ReleaseScriptCaches (0ms)
			RebuildScriptCaches (19ms)
			SetupLoadedEditorAssemblies (231ms)
				LogAssemblyErrors (0ms)
				InitializePlatformSupportModulesInManaged (8ms)
				SetLoadedEditorAssemblies (0ms)
				RefreshPlugins (71ms)
				BeforeProcessingInitializeOnLoad (1ms)
				ProcessInitializeOnLoadAttributes (114ms)
				ProcessInitializeOnLoadMethodAttributes (37ms)
				AfterProcessingInitializeOnLoad (0ms)
				EditorAssembliesLoaded (0ms)
			ExecutionOrderSort2 (0ms)
			AwakeInstancesAfterBackupRestoration (0ms)
Platform modules already initialized, skipping
Registering precompiled user dll's ...
Registered in 0.006088 seconds.
Begin MonoManager ReloadAssembly
Symbol file LoadedFromMemory doesn't match image C:\Users\diang\OneDrive\Documents\GitHub\AngelinaSantiago_MTEC2120_Terrain_Tools\Library\PackageCache\com.unity.visualscripting@1.7.8\Editor\VisualScripting.Core\Dependencies\YamlDotNet\Unity.VisualScripting.YamlDotNet.dll
Symbol file LoadedFromMemory doesn't match image C:\Users\diang\OneDrive\Documents\GitHub\AngelinaSantiago_MTEC2120_Terrain_Tools\Library\PackageCache\com.unity.visualscripting@1.7.8\Editor\VisualScripting.Core\Dependencies\DotNetZip\Unity.VisualScripting.IonicZip.dll
Native extension for WindowsStandalone target not found
Native extension for WebGL target not found
Refreshing native plugins compatible for Editor in 0.49 ms, found 3 plugins.
Preloading 0 native plugins for Editor in 0.00 ms.
Mono: successfully reloaded assembly
- Completed reload, in  0.789 seconds
Domain Reload Profiling:
	ReloadAssembly (790ms)
		BeginReloadAssembly (91ms)
			ExecutionOrderSort (0ms)
			DisableScriptedObjects (4ms)
			BackupInstance (0ms)
			ReleaseScriptingObjects (0ms)
			CreateAndSetChildDomain (18ms)
		EndReloadAssembly (612ms)
			LoadAssemblies (73ms)
			RebuildTransferFunctionScriptingTraits (0ms)
			SetupTypeCache (186ms)
			ReleaseScriptCaches (1ms)
			RebuildScriptCaches (34ms)
			SetupLoadedEditorAssemblies (290ms)
				LogAssemblyErrors (0ms)
				InitializePlatformSupportModulesInManaged (6ms)
				SetLoadedEditorAssemblies (0ms)
				RefreshPlugins (1ms)
				BeforeProcessingInitializeOnLoad (72ms)
				ProcessInitializeOnLoadAttributes (182ms)
				ProcessInitializeOnLoadMethodAttributes (22ms)
				AfterProcessingInitializeOnLoad (8ms)
				EditorAssembliesLoaded (0ms)
			ExecutionOrderSort2 (0ms)
			AwakeInstancesAfterBackupRestoration (4ms)
Platform modules already initialized, skipping
========================================================================
Worker process is ready to serve import requests
Launched and connected shader compiler UnityShaderCompiler.exe after 0.03 seconds
Refreshing native plugins compatible for Editor in 0.71 ms, found 3 plugins.
Preloading 0 native plugins for Editor in 0.00 ms.
Unloading 3371 Unused Serialized files (Serialized files now loaded: 0)
Unloading 26 unused Assets / (86.7 KB). Loaded Objects now: 3855.
Memory consumption went from 141.0 MB to 140.9 MB.
Total: 2.670700 ms (FindLiveObjects: 0.241200 ms CreateObjectMapping: 0.074900 ms MarkObjects: 2.256600 ms  DeleteObjects: 0.097300 ms)

AssetImportParameters requested are different than current active one (requested -> active):
  custom:video-decoder-ogg-theora: a1e56fd34408186e4bbccfd4996cb3dc -> 
  custom:container-muxer-webm: aa71ff27fc2769a1b78a27578f13a17b -> 
  custom:container-demuxer-webm: 4f35f7cbe854078d1ac9338744f61a02 -> 
  custom:video-encoder-webm-vp8: eb34c28f22e8b96e1ab97ce403110664 -> 
  custom:audio-encoder-webm-vorbis: bf7c407c2cedff20999df2af8eb42d56 -> 
  custom:framework-win-MediaFoundation: 216162199b28c13a410421893ffa2e32 -> 
  custom:container-demuxer-ogg: 62fdf1f143b41e24485cea50d1cbac27 -> 
  custom:video-decoder-webm-vp8: 9c59270c3fd7afecdb556c50c9e8de78 -> 
  custom:audio-decoder-ogg-vorbis: bf7c407c2cedff20999df2af8eb42d56 -> 
========================================================================
Received Import Request.
  Time since last request: 15058.015364 seconds.
  path: Assets/NewLayer.terrainlayer
  artifactKey: Guid(47edabe75ba6fe646a99b17e7b9ef909) Importer(815301076,1909f56bfc062723c751e8b465ee728b)
Start importing Assets/NewLayer.terrainlayer using Guid(47edabe75ba6fe646a99b17e7b9ef909) Importer(815301076,1909f56bfc062723c751e8b465ee728b)  -> (artifact id: '69bf4528aa43de63478872d5d451ad00') in 0.112777 seconds 
========================================================================
Received Import Request.
  Time since last request: 0.000044 seconds.
  path: Assets/NewLayer 3.terrainlayer
  artifactKey: Guid(6e1cea3f1e1421449ae36182b6058eba) Importer(815301076,1909f56bfc062723c751e8b465ee728b)
Start importing Assets/NewLayer 3.terrainlayer using Guid(6e1cea3f1e1421449ae36182b6058eba) Importer(815301076,1909f56bfc062723c751e8b465ee728b)  -> (artifact id: '96f800f0a426eceec532bd660c19223e') in 0.014053 seconds 
========================================================================
Received Import Request.
  Time since last request: 33.435228 seconds.
  path: Assets/Scenes/SampleScene.unity
  artifactKey: Guid(9fc0d4010bbf28b4594072e72b8655ab) Importer(815301076,1909f56bfc062723c751e8b465ee728b)
Start importing Assets/Scenes/SampleScene.unity using Guid(9fc0d4010bbf28b4594072e72b8655ab) Importer(815301076,1909f56bfc062723c751e8b465ee728b)  -> (artifact id: '0eeaf6c20e6837a622ed1f6069d4baa3') in 0.006066 seconds 
========================================================================
Received Import Request.
  Time since last request: 1930.620101 seconds.
  path: Assets/Textures/Ao_4K_Flat_A.png
  artifactKey: Guid(a232a6eb993443a46a05026f0c5bf755) Importer(815301076,1909f56bfc062723c751e8b465ee728b)
Start importing Assets/Textures/Ao_4K_Flat_A.png using Guid(a232a6eb993443a46a05026f0c5bf755) Importer(815301076,1909f56bfc062723c751e8b465ee728b)  -> (artifact id: 'f32cbb468fd9bdc38c233c6c70d2c704') in 0.050983 seconds 
========================================================================
Received Import Request.
  Time since last request: 0.000017 seconds.
  path: Assets/Textures/Detail_Bump_01.png
  artifactKey: Guid(81ffbb4169ee1bd478a96b890f63e665) Importer(815301076,1909f56bfc062723c751e8b465ee728b)
Start importing Assets/Textures/Detail_Bump_01.png using Guid(81ffbb4169ee1bd478a96b890f63e665) Importer(815301076,1909f56bfc062723c751e8b465ee728b)  -> (artifact id: '8b9803df2c236e7b02ab8162b5dc6448') in 0.032726 seconds 
========================================================================
Received Import Request.
  Time since last request: 0.000019 seconds.
  path: Assets/Textures/T_Mountain_2_AO.png
  artifactKey: Guid(f35af7d83a1112c42989dd13740069c7) Importer(815301076,1909f56bfc062723c751e8b465ee728b)
Start importing Assets/Textures/T_Mountain_2_AO.png using Guid(f35af7d83a1112c42989dd13740069c7) Importer(815301076,1909f56bfc062723c751e8b465ee728b)  -> (artifact id: '9403c06ccd58c74978c5f1f1385e50f1') in 0.013647 seconds 
========================================================================
Received Import Request.
  Time since last request: 0.000021 seconds.
  path: Assets/Textures/Grass_Sprite_01.psd
  artifactKey: Guid(003130d2c67e6e34ea2cb4755e0df65c) Importer(815301076,1909f56bfc062723c751e8b465ee728b)
Start importing Assets/Textures/Grass_Sprite_01.psd using Guid(003130d2c67e6e34ea2cb4755e0df65c) Importer(815301076,1909f56bfc062723c751e8b465ee728b)  -> (artifact id: '5b4ee5af12f10086b53a429837ade9bc') in 0.018664 seconds 
========================================================================
Received Import Request.
  Time since last request: 0.000014 seconds.
  path: Assets/Textures/T_Cliff_Surface_alb.tga
  artifactKey: Guid(cf06fee5303ca1b42b250a0ba45d3ad3) Importer(815301076,1909f56bfc062723c751e8b465ee728b)
Start importing Assets/Textures/T_Cliff_Surface_alb.tga using Guid(cf06fee5303ca1b42b250a0ba45d3ad3) Importer(815301076,1909f56bfc062723c751e8b465ee728b)  -> (artifact id: '434908d9b86d35e8a39552163b01618f') in 0.019416 seconds 
========================================================================
Received Import Request.
  Time since last request: 0.000015 seconds.
  path: Assets/Textures/T_Mountain_2_N.PNG
  artifactKey: Guid(fcb9f85f0906b3d40832d1d2f3fe084f) Importer(815301076,1909f56bfc062723c751e8b465ee728b)
Start importing Assets/Textures/T_Mountain_2_N.PNG using Guid(fcb9f85f0906b3d40832d1d2f3fe084f) Importer(815301076,1909f56bfc062723c751e8b465ee728b)  -> (artifact id: 'fac10a21d409a297f393c0d9cf10951c') in 0.014622 seconds 
========================================================================
Received Import Request.
  Time since last request: 0.000017 seconds.
  path: Assets/Textures/CloudBlur.png
  artifactKey: Guid(372589839a9c7c84594bb21c04c76f09) Importer(815301076,1909f56bfc062723c751e8b465ee728b)
Start importing Assets/Textures/CloudBlur.png using Guid(372589839a9c7c84594bb21c04c76f09) Importer(815301076,1909f56bfc062723c751e8b465ee728b)  -> (artifact id: '64e152d425b6d5ba8df3791543fdbfa1') in 0.015046 seconds 
========================================================================
Received Import Request.
  Time since last request: 0.000015 seconds.
  path: Assets/Textures/Diffuse_8K_Flat_A.png
  artifactKey: Guid(61cd40e5a441efb4e8e848d1633a38ae) Importer(815301076,1909f56bfc062723c751e8b465ee728b)
Start importing Assets/Textures/Diffuse_8K_Flat_A.png using Guid(61cd40e5a441efb4e8e848d1633a38ae) Importer(815301076,1909f56bfc062723c751e8b465ee728b)  -> (artifact id: '8c7ff4d5acc30dd09b7a3dc15712ebcf') in 0.143192 seconds 
========================================================================
Received Import Request.
  Time since last request: 0.000036 seconds.
  path: Assets/Textures/T_DeadGrass_A1.TGA
  artifactKey: Guid(1790029dde9f673409ca9ac52ba0c187) Importer(815301076,1909f56bfc062723c751e8b465ee728b)
Start importing Assets/Textures/T_DeadGrass_A1.TGA using Guid(1790029dde9f673409ca9ac52ba0c187) Importer(815301076,1909f56bfc062723c751e8b465ee728b)  -> (artifact id: '440034c86d106f89506063d2126af2a3') in 0.013831 seconds 
========================================================================
Received Import Request.
  Time since last request: 0.000029 seconds.
  path: Assets/Textures/GrassUV02_N.png
  artifactKey: Guid(db6b5112f8b3bcf478707e82ef048e88) Importer(815301076,1909f56bfc062723c751e8b465ee728b)
Start importing Assets/Textures/GrassUV02_N.png using Guid(db6b5112f8b3bcf478707e82ef048e88) Importer(815301076,1909f56bfc062723c751e8b465ee728b)  -> (artifact id: 'e8d418099f8836b428d421a1078f6931') in 0.078475 seconds 
========================================================================
Received Import Request.
  Time since last request: 0.000022 seconds.
  path: Assets/Textures/T_Mountain_2_A_T.tga
  artifactKey: Guid(c6042b90895f5f5409f8ccf84b9a03d3) Importer(815301076,1909f56bfc062723c751e8b465ee728b)
Start importing Assets/Textures/T_Mountain_2_A_T.tga using Guid(c6042b90895f5f5409f8ccf84b9a03d3) Importer(815301076,1909f56bfc062723c751e8b465ee728b)  -> (artifact id: '6fd849bc06d8ff4623f0bb299b1dc9bf') in 0.013744 seconds 
========================================================================
Received Import Request.
  Time since last request: 0.000017 seconds.
  path: Assets/Textures/Diffuse_8K_Flat_C.png
  artifactKey: Guid(217529463d18ec548b3ae57962bfa781) Importer(815301076,1909f56bfc062723c751e8b465ee728b)
Start importing Assets/Textures/Diffuse_8K_Flat_C.png using Guid(217529463d18ec548b3ae57962bfa781) Importer(815301076,1909f56bfc062723c751e8b465ee728b)  -> (artifact id: '4c76d51ea65d88496f5aa9d119a058c2') in 0.082244 seconds 
========================================================================
Received Import Request.
  Time since last request: 0.000024 seconds.
  path: Assets/Textures/GroundStones01.png
  artifactKey: Guid(17405fba9d20b47408239b3e82d60232) Importer(815301076,1909f56bfc062723c751e8b465ee728b)
Start importing Assets/Textures/GroundStones01.png using Guid(17405fba9d20b47408239b3e82d60232) Importer(815301076,1909f56bfc062723c751e8b465ee728b)  -> (artifact id: 'eb32472de9215ffd47fb4b47969b4531') in 0.024409 seconds 
========================================================================
Received Import Request.
  Time since last request: 0.000023 seconds.
  path: Assets/Textures/GroundDryLeaves01_N.png
  artifactKey: Guid(e39dfb80d9815f14da82c65960519b23) Importer(815301076,1909f56bfc062723c751e8b465ee728b)
Start importing Assets/Textures/GroundDryLeaves01_N.png using Guid(e39dfb80d9815f14da82c65960519b23) Importer(815301076,1909f56bfc062723c751e8b465ee728b)  -> (artifact id: '3d0d4692e06a46b6e8b134330b1f2141') in 0.026607 seconds 
========================================================================
Received Import Request.
  Time since last request: 0.000038 seconds.
  path: Assets/Textures/GrassUV01.png
  artifactKey: Guid(94e5dd2784ae3a44a930dba86cba9f6e) Importer(815301076,1909f56bfc062723c751e8b465ee728b)
Start importing Assets/Textures/GrassUV01.png using Guid(94e5dd2784ae3a44a930dba86cba9f6e) Importer(815301076,1909f56bfc062723c751e8b465ee728b)  -> (artifact id: 'dcc3a7afce73c070f6893cc3259eaa5b') in 0.051308 seconds 
========================================================================
Received Import Request.
  Time since last request: 0.000021 seconds.
  path: Assets/Textures/GroundCracked01.png
  artifactKey: Guid(a87cbf62329d56d4681d92302095915c) Importer(815301076,1909f56bfc062723c751e8b465ee728b)
Start importing Assets/Textures/GroundCracked01.png using Guid(a87cbf62329d56d4681d92302095915c) Importer(815301076,1909f56bfc062723c751e8b465ee728b)  -> (artifact id: '4c59df51f257eba36c787168f3e5b36a') in 0.014917 seconds 
========================================================================
Received Import Request.
  Time since last request: 0.000020 seconds.
  path: Assets/Textures/GrassUV01_N.png
  artifactKey: Guid(77f758ad16f6580469ca8f42205f7b78) Importer(815301076,1909f56bfc062723c751e8b465ee728b)
Start importing Assets/Textures/GrassUV01_N.png using Guid(77f758ad16f6580469ca8f42205f7b78) Importer(815301076,1909f56bfc062723c751e8b465ee728b)  -> (artifact id: '785af3bb0299f84954a92f2edc4544b5') in 0.057026 seconds 
========================================================================
Received Import Request.
  Time since last request: 1.464533 seconds.
  path: Assets/Textures/T_Mountain_20_AO.png
  artifactKey: Guid(7f924a5c41e36fc49a9b11fb4704c5fd) Importer(815301076,1909f56bfc062723c751e8b465ee728b)
Start importing Assets/Textures/T_Mountain_20_AO.png using Guid(7f924a5c41e36fc49a9b11fb4704c5fd) Importer(815301076,1909f56bfc062723c751e8b465ee728b)  -> (artifact id: '7c2b41d7a87dbf6176f2de8d90614cb4') in 0.014086 seconds 
========================================================================
Received Import Request.
  Time since last request: 0.000015 seconds.
  path: Assets/Textures/T_Mountain_23_A_T.tga
  artifactKey: Guid(2963ee0a94a3555409888c902bb1cdeb) Importer(815301076,1909f56bfc062723c751e8b465ee728b)
Start importing Assets/Textures/T_Mountain_23_A_T.tga using Guid(2963ee0a94a3555409888c902bb1cdeb) Importer(815301076,1909f56bfc062723c751e8b465ee728b)  -> (artifact id: 'deed359fde195b6056c538609c1821bb') in 0.013834 seconds 
========================================================================
Received Import Request.
  Time since last request: 0.000016 seconds.
  path: Assets/Textures/T_Mountain_22_A_T.tga
  artifactKey: Guid(c095b5f2a300bb34ab22e8414dd9e65a) Importer(815301076,1909f56bfc062723c751e8b465ee728b)
Start importing Assets/Textures/T_Mountain_22_A_T.tga using Guid(c095b5f2a300bb34ab22e8414dd9e65a) Importer(815301076,1909f56bfc062723c751e8b465ee728b)  -> (artifact id: 'd086152644da1cb0fef007fe6020138c') in 0.012959 seconds 
========================================================================
Received Import Request.
  Time since last request: 3.869188 seconds.
  path: Assets/Materials/Grass/Grass.mat
  artifactKey: Guid(a481b434c94e658408aaff3e0a64938b) Importer(815301076,1909f56bfc062723c751e8b465ee728b)
Start importing Assets/Materials/Grass/Grass.mat using Guid(a481b434c94e658408aaff3e0a64938b) Importer(815301076,1909f56bfc062723c751e8b465ee728b)  -> (artifact id: 'd76e695d37eca07e9a2c352efe36b079') in 0.279295 seconds 
========================================================================
Received Import Request.
  Time since last request: 0.000045 seconds.
  path: Assets/Grass And Flowers Pack 1/Flower/Grass Flower 8.png
  artifactKey: Guid(b263d81465ccfd74980f9c72e4a4e794) Importer(815301076,1909f56bfc062723c751e8b465ee728b)
Start importing Assets/Grass And Flowers Pack 1/Flower/Grass Flower 8.png using Guid(b263d81465ccfd74980f9c72e4a4e794) Importer(815301076,1909f56bfc062723c751e8b465ee728b)  -> (artifact id: '928de9f936831387b67f68b501fde425') in 0.013979 seconds 
========================================================================
Received Import Request.
  Time since last request: 0.000028 seconds.
  path: Assets/Grass And Flowers Pack 1/Flower/Grass Flower 11.png
  artifactKey: Guid(dc92af4c176c5f2458c3adbc09c77766) Importer(815301076,1909f56bfc062723c751e8b465ee728b)
Start importing Assets/Grass And Flowers Pack 1/Flower/Grass Flower 11.png using Guid(dc92af4c176c5f2458c3adbc09c77766) Importer(815301076,1909f56bfc062723c751e8b465ee728b)  -> (artifact id: '610fa1bd72265b6ab5dd7f42d400e3f3') in 0.013414 seconds 
========================================================================
Received Import Request.
  Time since last request: 0.151237 seconds.
  path: Assets/Materials/MI_DeadGrass_A.mat
  artifactKey: Guid(abc00000000005708588567778786599) Importer(815301076,1909f56bfc062723c751e8b465ee728b)
Start importing Assets/Materials/MI_DeadGrass_A.mat using Guid(abc00000000005708588567778786599) Importer(815301076,1909f56bfc062723c751e8b465ee728b)  -> (artifact id: '851774297a60ca9fd82441cb07f6502f') in 0.422059 seconds 
