Using pre-set license
Built from '2021.3/staging' branch; Version is '2021.3.6f1 (7da38d85baf6) revision 8233869'; Using compiler version '192829333'; Build Type 'Release'
OS: 'Windows 10  (10.0.19043) 64bit Core' Language: 'en' Physical Memory: 16310 MB
BatchMode: 1, IsHumanControllingUs: 0, StartBugReporterOnCrash: 0, Is64bit: 1, IsPro: 1

COMMAND LINE ARGUMENTS:
C:\Program Files\Unity\Hub\Editor\2021.3.6f1\Editor\Unity.exe
-adb2
-batchMode
-noUpm
-name
AssetImportWorker1
-projectPath
C:/Users/diang/OneDrive/Documents/GitHub/AngelinaSantiago_MTEC2120_Terrain_Tools
-logFile
Logs/AssetImportWorker1.log
-srvPort
58182
Successfully changed project path to: C:/Users/diang/OneDrive/Documents/GitHub/AngelinaSantiago_MTEC2120_Terrain_Tools
C:/Users/diang/OneDrive/Documents/GitHub/AngelinaSantiago_MTEC2120_Terrain_Tools
[UnityMemory] Configuration Parameters - Can be set up in boot.config
    "memorysetup-bucket-allocator-granularity=16"
    "memorysetup-bucket-allocator-bucket-count=8"
    "memorysetup-bucket-allocator-block-size=33554432"
    "memorysetup-bucket-allocator-block-count=8"
    "memorysetup-main-allocator-block-size=16777216"
    "memorysetup-thread-allocator-block-size=16777216"
    "memorysetup-gfx-main-allocator-block-size=16777216"
    "memorysetup-gfx-thread-allocator-block-size=16777216"
    "memorysetup-cache-allocator-block-size=4194304"
    "memorysetup-typetree-allocator-block-size=2097152"
    "memorysetup-profiler-bucket-allocator-granularity=16"
    "memorysetup-profiler-bucket-allocator-bucket-count=8"
    "memorysetup-profiler-bucket-allocator-block-size=33554432"
    "memorysetup-profiler-bucket-allocator-block-count=8"
    "memorysetup-profiler-allocator-block-size=16777216"
    "memorysetup-profiler-editor-allocator-block-size=1048576"
    "memorysetup-temp-allocator-size-main=16777216"
    "memorysetup-job-temp-allocator-block-size=2097152"
    "memorysetup-job-temp-allocator-block-size-background=1048576"
    "memorysetup-job-temp-allocator-reduction-small-platforms=262144"
    "memorysetup-temp-allocator-size-background-worker=32768"
    "memorysetup-temp-allocator-size-job-worker=262144"
    "memorysetup-temp-allocator-size-preload-manager=33554432"
    "memorysetup-temp-allocator-size-nav-mesh-worker=65536"
    "memorysetup-temp-allocator-size-audio-worker=65536"
    "memorysetup-temp-allocator-size-cloud-worker=32768"
    "memorysetup-temp-allocator-size-gi-baking-worker=262144"
    "memorysetup-temp-allocator-size-gfx=262144"
Refreshing native plugins compatible for Editor in 80.67 ms, found 3 plugins.
Preloading 0 native plugins for Editor in 0.00 ms.
Initialize engine version: 2021.3.6f1 (7da38d85baf6)
[Subsystems] Discovering subsystems at path C:/Program Files/Unity/Hub/Editor/2021.3.6f1/Editor/Data/Resources/UnitySubsystems
[Subsystems] Discovering subsystems at path C:/Users/diang/OneDrive/Documents/GitHub/AngelinaSantiago_MTEC2120_Terrain_Tools/Assets
GfxDevice: creating device client; threaded=0; jobified=0
Direct3D:
    Version:  Direct3D 11.0 [level 11.1]
    Renderer: NVIDIA GeForce RTX 3050 (ID=0x2507)
    Vendor:   NVIDIA
    VRAM:     8070 MB
    Driver:   30.0.15.1277
Initialize mono
Mono path[0] = 'C:/Program Files/Unity/Hub/Editor/2021.3.6f1/Editor/Data/Managed'
Mono path[1] = 'C:/Program Files/Unity/Hub/Editor/2021.3.6f1/Editor/Data/MonoBleedingEdge/lib/mono/unityjit-win32'
Mono config path = 'C:/Program Files/Unity/Hub/Editor/2021.3.6f1/Editor/Data/MonoBleedingEdge/etc'
Using monoOptions --debugger-agent=transport=dt_socket,embedding=1,server=y,suspend=n,address=127.0.0.1:56028
Begin MonoManager ReloadAssembly
Registering precompiled unity dll's ...
Register platform support module: C:/Program Files/Unity/Hub/Editor/2021.3.6f1/Editor/Data/PlaybackEngines/WebGLSupport/UnityEditor.WebGL.Extensions.dll
Register platform support module: C:/Program Files/Unity/Hub/Editor/2021.3.6f1/Editor/Data/PlaybackEngines/WindowsStandaloneSupport/UnityEditor.WindowsStandalone.Extensions.dll
Registered in 0.007447 seconds.
Native extension for WindowsStandalone target not found
Native extension for WebGL target not found
Refreshing native plugins compatible for Editor in 71.30 ms, found 3 plugins.
Preloading 0 native plugins for Editor in 0.00 ms.
Mono: successfully reloaded assembly
- Completed reload, in  0.530 seconds
Domain Reload Profiling:
	ReloadAssembly (530ms)
		BeginReloadAssembly (66ms)
			ExecutionOrderSort (0ms)
			DisableScriptedObjects (0ms)
			BackupInstance (0ms)
			ReleaseScriptingObjects (0ms)
			CreateAndSetChildDomain (1ms)
		EndReloadAssembly (368ms)
			LoadAssemblies (64ms)
			RebuildTransferFunctionScriptingTraits (0ms)
			SetupTypeCache (77ms)
			ReleaseScriptCaches (0ms)
			RebuildScriptCaches (19ms)
			SetupLoadedEditorAssemblies (227ms)
				LogAssemblyErrors (0ms)
				InitializePlatformSupportModulesInManaged (8ms)
				SetLoadedEditorAssemblies (0ms)
				RefreshPlugins (71ms)
				BeforeProcessingInitializeOnLoad (1ms)
				ProcessInitializeOnLoadAttributes (111ms)
				ProcessInitializeOnLoadMethodAttributes (36ms)
				AfterProcessingInitializeOnLoad (0ms)
				EditorAssembliesLoaded (0ms)
			ExecutionOrderSort2 (0ms)
			AwakeInstancesAfterBackupRestoration (0ms)
Platform modules already initialized, skipping
Registering precompiled user dll's ...
Registered in 0.005627 seconds.
Begin MonoManager ReloadAssembly
Symbol file LoadedFromMemory doesn't match image C:\Users\diang\OneDrive\Documents\GitHub\AngelinaSantiago_MTEC2120_Terrain_Tools\Library\PackageCache\com.unity.visualscripting@1.7.8\Editor\VisualScripting.Core\Dependencies\YamlDotNet\Unity.VisualScripting.YamlDotNet.dll
Symbol file LoadedFromMemory doesn't match image C:\Users\diang\OneDrive\Documents\GitHub\AngelinaSantiago_MTEC2120_Terrain_Tools\Library\PackageCache\com.unity.visualscripting@1.7.8\Editor\VisualScripting.Core\Dependencies\DotNetZip\Unity.VisualScripting.IonicZip.dll
Native extension for WindowsStandalone target not found
Native extension for WebGL target not found
Refreshing native plugins compatible for Editor in 0.59 ms, found 3 plugins.
Preloading 0 native plugins for Editor in 0.00 ms.
Mono: successfully reloaded assembly
- Completed reload, in  0.786 seconds
Domain Reload Profiling:
	ReloadAssembly (787ms)
		BeginReloadAssembly (91ms)
			ExecutionOrderSort (0ms)
			DisableScriptedObjects (4ms)
			BackupInstance (0ms)
			ReleaseScriptingObjects (0ms)
			CreateAndSetChildDomain (18ms)
		EndReloadAssembly (606ms)
			LoadAssemblies (72ms)
			RebuildTransferFunctionScriptingTraits (0ms)
			SetupTypeCache (183ms)
			ReleaseScriptCaches (1ms)
			RebuildScriptCaches (34ms)
			SetupLoadedEditorAssemblies (290ms)
				LogAssemblyErrors (0ms)
				InitializePlatformSupportModulesInManaged (6ms)
				SetLoadedEditorAssemblies (0ms)
				RefreshPlugins (1ms)
				BeforeProcessingInitializeOnLoad (74ms)
				ProcessInitializeOnLoadAttributes (178ms)
				ProcessInitializeOnLoadMethodAttributes (21ms)
				AfterProcessingInitializeOnLoad (9ms)
				EditorAssembliesLoaded (0ms)
			ExecutionOrderSort2 (0ms)
			AwakeInstancesAfterBackupRestoration (4ms)
Platform modules already initialized, skipping
========================================================================
Worker process is ready to serve import requests
Launched and connected shader compiler UnityShaderCompiler.exe after 0.03 seconds
Refreshing native plugins compatible for Editor in 0.77 ms, found 3 plugins.
Preloading 0 native plugins for Editor in 0.00 ms.
Unloading 3371 Unused Serialized files (Serialized files now loaded: 0)
Unloading 26 unused Assets / (86.7 KB). Loaded Objects now: 3855.
Memory consumption went from 141.0 MB to 140.9 MB.
Total: 3.002800 ms (FindLiveObjects: 0.256100 ms CreateObjectMapping: 0.089500 ms MarkObjects: 2.553300 ms  DeleteObjects: 0.103200 ms)

AssetImportParameters requested are different than current active one (requested -> active):
  custom:video-decoder-ogg-theora: a1e56fd34408186e4bbccfd4996cb3dc -> 
  custom:container-muxer-webm: aa71ff27fc2769a1b78a27578f13a17b -> 
  custom:container-demuxer-webm: 4f35f7cbe854078d1ac9338744f61a02 -> 
  custom:video-encoder-webm-vp8: eb34c28f22e8b96e1ab97ce403110664 -> 
  custom:audio-encoder-webm-vorbis: bf7c407c2cedff20999df2af8eb42d56 -> 
  custom:framework-win-MediaFoundation: 216162199b28c13a410421893ffa2e32 -> 
  custom:container-demuxer-ogg: 62fdf1f143b41e24485cea50d1cbac27 -> 
  custom:video-decoder-webm-vp8: 9c59270c3fd7afecdb556c50c9e8de78 -> 
  custom:audio-decoder-ogg-vorbis: bf7c407c2cedff20999df2af8eb42d56 -> 
========================================================================
Received Import Request.
  Time since last request: 15058.032444 seconds.
  path: Assets/New Terrain.asset
  artifactKey: Guid(59a93e9e0374c9149a8fb346cdec5403) Importer(815301076,1909f56bfc062723c751e8b465ee728b)
Start importing Assets/New Terrain.asset using Guid(59a93e9e0374c9149a8fb346cdec5403) Importer(815301076,1909f56bfc062723c751e8b465ee728b)  -> (artifact id: '62181341bb4822b89ca2bc31225ba395') in 0.189277 seconds 
========================================================================
Received Import Request.
  Time since last request: 1963.993079 seconds.
  path: Assets/Textures/CloudBlur.mat
  artifactKey: Guid(a6003e66fc76447488796c7f0b80851c) Importer(815301076,1909f56bfc062723c751e8b465ee728b)
Start importing Assets/Textures/CloudBlur.mat using Guid(a6003e66fc76447488796c7f0b80851c) Importer(815301076,1909f56bfc062723c751e8b465ee728b)  -> (artifact id: '75874704b5ab8eecf521dd06c5496ded') in 0.089315 seconds 
========================================================================
Received Import Request.
  Time since last request: 0.000019 seconds.
  path: Assets/Textures/Skybox.mat
  artifactKey: Guid(a91a831221cf96c42a5483d5ce1d14e4) Importer(815301076,1909f56bfc062723c751e8b465ee728b)
Start importing Assets/Textures/Skybox.mat using Guid(a91a831221cf96c42a5483d5ce1d14e4) Importer(815301076,1909f56bfc062723c751e8b465ee728b)  -> (artifact id: 'cf9f5d4466efe09f597943f2c9222b7b') in 0.097491 seconds 
========================================================================
Received Import Request.
  Time since last request: 0.000021 seconds.
  path: Assets/Textures/Diffuse_8K_Flat_B.png
  artifactKey: Guid(fc768d5bf2927494197b36691d6fc6f4) Importer(815301076,1909f56bfc062723c751e8b465ee728b)
Start importing Assets/Textures/Diffuse_8K_Flat_B.png using Guid(fc768d5bf2927494197b36691d6fc6f4) Importer(815301076,1909f56bfc062723c751e8b465ee728b)  -> (artifact id: '4e9094ce7701495b970e82457d9805d4') in 0.171435 seconds 
========================================================================
Received Import Request.
  Time since last request: 0.000023 seconds.
  path: Assets/Textures/T_Mountain_20_A_T.tga
  artifactKey: Guid(624c19f6f85b793469ca33bb9220d54d) Importer(815301076,1909f56bfc062723c751e8b465ee728b)
Start importing Assets/Textures/T_Mountain_20_A_T.tga using Guid(624c19f6f85b793469ca33bb9220d54d) Importer(815301076,1909f56bfc062723c751e8b465ee728b)  -> (artifact id: '599d3bbbff15a530870679e8196d1fc8') in 0.015773 seconds 
========================================================================
Received Import Request.
  Time since last request: 0.000037 seconds.
  path: Assets/Textures/GroundCracked01_N.png
  artifactKey: Guid(9511ab33cd5f6724f8c31c380a4814af) Importer(815301076,1909f56bfc062723c751e8b465ee728b)
Start importing Assets/Textures/GroundCracked01_N.png using Guid(9511ab33cd5f6724f8c31c380a4814af) Importer(815301076,1909f56bfc062723c751e8b465ee728b)  -> (artifact id: '189a3a5cde924305d6a5ae4775c4a572') in 0.018783 seconds 
========================================================================
Received Import Request.
  Time since last request: 0.000025 seconds.
  path: Assets/Textures/T_DeadGrass_A_Roughness.png
  artifactKey: Guid(abc00000000011330077162657440964) Importer(815301076,1909f56bfc062723c751e8b465ee728b)
Start importing Assets/Textures/T_DeadGrass_A_Roughness.png using Guid(abc00000000011330077162657440964) Importer(815301076,1909f56bfc062723c751e8b465ee728b)  -> (artifact id: '9435cb880ce924b898e1c8658371d096') in 0.014150 seconds 
========================================================================
Received Import Request.
  Time since last request: 0.000029 seconds.
  path: Assets/Textures/T_DeadGrass_A_Normal.png
  artifactKey: Guid(abc00000000014311672177184772279) Importer(815301076,1909f56bfc062723c751e8b465ee728b)
Start importing Assets/Textures/T_DeadGrass_A_Normal.png using Guid(abc00000000014311672177184772279) Importer(815301076,1909f56bfc062723c751e8b465ee728b)  -> (artifact id: 'ab4a9a2156a5d4a62bd3935d910edc57') in 0.013793 seconds 
========================================================================
Received Import Request.
  Time since last request: 0.000020 seconds.
  path: Assets/Textures/T_Cliff_Surface_alb.png
  artifactKey: Guid(abc00000000005425202218978024213) Importer(815301076,1909f56bfc062723c751e8b465ee728b)
Start importing Assets/Textures/T_Cliff_Surface_alb.png using Guid(abc00000000005425202218978024213) Importer(815301076,1909f56bfc062723c751e8b465ee728b)  -> (artifact id: '2f5479da609a2580f0e7991e141dbc85') in 0.014188 seconds 
========================================================================
Received Import Request.
  Time since last request: 0.000020 seconds.
  path: Assets/Textures/Normal_8K_Flat_A.png
  artifactKey: Guid(25730c9c127766f4cacd99fd1288f0be) Importer(815301076,1909f56bfc062723c751e8b465ee728b)
Start importing Assets/Textures/Normal_8K_Flat_A.png using Guid(25730c9c127766f4cacd99fd1288f0be) Importer(815301076,1909f56bfc062723c751e8b465ee728b)  -> (artifact id: '42c352594a66e2618d8c207ace113efa') in 0.079961 seconds 
========================================================================
Received Import Request.
  Time since last request: 0.000025 seconds.
  path: Assets/Textures/GroundStones01_N.png
  artifactKey: Guid(63312008529ed1d4bab4d57c204bae7a) Importer(815301076,1909f56bfc062723c751e8b465ee728b)
Start importing Assets/Textures/GroundStones01_N.png using Guid(63312008529ed1d4bab4d57c204bae7a) Importer(815301076,1909f56bfc062723c751e8b465ee728b)  -> (artifact id: '4fcc2020c31fe0df427bf0b6eb23ea61') in 0.026841 seconds 
========================================================================
Received Import Request.
  Time since last request: 0.000029 seconds.
  path: Assets/Textures/GrassUV02.png
  artifactKey: Guid(bafadcf258df85b4686863cbaa688fba) Importer(815301076,1909f56bfc062723c751e8b465ee728b)
Start importing Assets/Textures/GrassUV02.png using Guid(bafadcf258df85b4686863cbaa688fba) Importer(815301076,1909f56bfc062723c751e8b465ee728b)  -> (artifact id: '0186c96185139a3f8ec9ec0c67219f16') in 0.045436 seconds 
========================================================================
Received Import Request.
  Time since last request: 0.000053 seconds.
  path: Assets/Textures/GroundDryLeaves01.png
  artifactKey: Guid(3f893818068c13c498261af150bea6f3) Importer(815301076,1909f56bfc062723c751e8b465ee728b)
Start importing Assets/Textures/GroundDryLeaves01.png using Guid(3f893818068c13c498261af150bea6f3) Importer(815301076,1909f56bfc062723c751e8b465ee728b)  -> (artifact id: '3cda526e330f0b0c57b979e1198500e1') in 0.024349 seconds 
========================================================================
Received Import Request.
  Time since last request: 0.000035 seconds.
  path: Assets/Textures/T_Cliff_Surface_nm.png
  artifactKey: Guid(abc00000000000874266319999981339) Importer(815301076,1909f56bfc062723c751e8b465ee728b)
Start importing Assets/Textures/T_Cliff_Surface_nm.png using Guid(abc00000000000874266319999981339) Importer(815301076,1909f56bfc062723c751e8b465ee728b)  -> (artifact id: 'f8c7d3acc5eaed68a1f196bc0230961c') in 0.013134 seconds 
========================================================================
Received Import Request.
  Time since last request: 1.524987 seconds.
  path: Assets/Textures/T_Mountain_20_N.png
  artifactKey: Guid(079c60ccf6a743044b8d9ed8e6ece93c) Importer(815301076,1909f56bfc062723c751e8b465ee728b)
Start importing Assets/Textures/T_Mountain_20_N.png using Guid(079c60ccf6a743044b8d9ed8e6ece93c) Importer(815301076,1909f56bfc062723c751e8b465ee728b)  -> (artifact id: '617f9fa0a6e3124fed53dce2c27f9c2d') in 0.013700 seconds 
========================================================================
Received Import Request.
  Time since last request: 0.000016 seconds.
  path: Assets/Textures/T_Mountain_22_AO.png
  artifactKey: Guid(7b3d3fd889141aa4db23cd30c12afdc9) Importer(815301076,1909f56bfc062723c751e8b465ee728b)
Start importing Assets/Textures/T_Mountain_22_AO.png using Guid(7b3d3fd889141aa4db23cd30c12afdc9) Importer(815301076,1909f56bfc062723c751e8b465ee728b)  -> (artifact id: '5ffea769c12c410411496751b94bcf81') in 0.013955 seconds 
========================================================================
Received Import Request.
  Time since last request: 0.000019 seconds.
  path: Assets/Textures/T_Mountain_22_N.png
  artifactKey: Guid(ec5dff743cd26a744b8581ec5821a984) Importer(815301076,1909f56bfc062723c751e8b465ee728b)
Start importing Assets/Textures/T_Mountain_22_N.png using Guid(ec5dff743cd26a744b8581ec5821a984) Importer(815301076,1909f56bfc062723c751e8b465ee728b)  -> (artifact id: '64f66e87239ee8fe77d6276c7fa3d1e3') in 0.013978 seconds 
========================================================================
Received Import Request.
  Time since last request: 3.868586 seconds.
  path: Assets/Grass And Flowers Pack 1/Grass/Grass 1.png
  artifactKey: Guid(b6559fab08767a844869a6c1d9f49f1e) Importer(815301076,1909f56bfc062723c751e8b465ee728b)
Start importing Assets/Grass And Flowers Pack 1/Grass/Grass 1.png using Guid(b6559fab08767a844869a6c1d9f49f1e) Importer(815301076,1909f56bfc062723c751e8b465ee728b)  -> (artifact id: '2d8850bb20e9d2cfce97f61063dbbd45') in 0.014136 seconds 
========================================================================
Received Import Request.
  Time since last request: 0.000019 seconds.
  path: Assets/Grass And Flowers Pack 1/Flower/Grass Flower 3.png
  artifactKey: Guid(8e17f59bfe0f1e1419e3bc10630bc069) Importer(815301076,1909f56bfc062723c751e8b465ee728b)
Start importing Assets/Grass And Flowers Pack 1/Flower/Grass Flower 3.png using Guid(8e17f59bfe0f1e1419e3bc10630bc069) Importer(815301076,1909f56bfc062723c751e8b465ee728b)  -> (artifact id: '8b696d4caef3df94c12f5c934782b64f') in 0.016925 seconds 
========================================================================
Received Import Request.
  Time since last request: 0.000028 seconds.
  path: Assets/Grass And Flowers Pack 1/Flower/Grass Flower 5.png
  artifactKey: Guid(b3df4cb2f0dbbb842889155de38652a6) Importer(815301076,1909f56bfc062723c751e8b465ee728b)
Start importing Assets/Grass And Flowers Pack 1/Flower/Grass Flower 5.png using Guid(b3df4cb2f0dbbb842889155de38652a6) Importer(815301076,1909f56bfc062723c751e8b465ee728b)  -> (artifact id: '405f32829fe2f461f3f91c51856f6caa') in 0.012859 seconds 
========================================================================
Received Import Request.
  Time since last request: 0.000020 seconds.
  path: Assets/_TerrainAutoUpgrade/layer_GrassUV02GrassUV02_N3d1cca0d6d0e9938.terrainlayer
  artifactKey: Guid(f45af9006b1cf644aa2bf8ad037e289b) Importer(815301076,1909f56bfc062723c751e8b465ee728b)
Start importing Assets/_TerrainAutoUpgrade/layer_GrassUV02GrassUV02_N3d1cca0d6d0e9938.terrainlayer using Guid(f45af9006b1cf644aa2bf8ad037e289b) Importer(815301076,1909f56bfc062723c751e8b465ee728b)  -> (artifact id: '945da6c21659e3416eaaf6ab1522730a') in 0.102672 seconds 
========================================================================
Received Import Request.
  Time since last request: 0.000024 seconds.
  path: Assets/Grass And Flowers Pack 1/Grass/Grass 4.png
  artifactKey: Guid(e79a83ecca9d8d8498cd8a9fbea1638d) Importer(815301076,1909f56bfc062723c751e8b465ee728b)
Start importing Assets/Grass And Flowers Pack 1/Grass/Grass 4.png using Guid(e79a83ecca9d8d8498cd8a9fbea1638d) Importer(815301076,1909f56bfc062723c751e8b465ee728b)  -> (artifact id: '10a66cee0203e7284e3c94ad26d35758') in 0.010825 seconds 
========================================================================
Received Import Request.
  Time since last request: 0.000025 seconds.
  path: Assets/Grass And Flowers Pack 1/Flower/Grass Flower 1.png
  artifactKey: Guid(c3d45a835b8b6664085f0dc3cc6b1b41) Importer(815301076,1909f56bfc062723c751e8b465ee728b)
Start importing Assets/Grass And Flowers Pack 1/Flower/Grass Flower 1.png using Guid(c3d45a835b8b6664085f0dc3cc6b1b41) Importer(815301076,1909f56bfc062723c751e8b465ee728b)  -> (artifact id: 'b40e89bff28a82e80401af455c708656') in 0.014092 seconds 
========================================================================
Received Import Request.
  Time since last request: 0.000029 seconds.
  path: Assets/Grass And Flowers Pack 1/Flower/Grass Flower 7.png
  artifactKey: Guid(d0893b7d3bcbf8c4f806e5543cec2a32) Importer(815301076,1909f56bfc062723c751e8b465ee728b)
Start importing Assets/Grass And Flowers Pack 1/Flower/Grass Flower 7.png using Guid(d0893b7d3bcbf8c4f806e5543cec2a32) Importer(815301076,1909f56bfc062723c751e8b465ee728b)  -> (artifact id: '3f8c2409e0daffb607415c21f0759a1e') in 0.013849 seconds 
========================================================================
Received Import Request.
  Time since last request: 0.000025 seconds.
  path: Assets/Grass And Flowers Pack 1/Example Scene/Gray.png
  artifactKey: Guid(1761a9c228ab3da45a324633d6e020f4) Importer(815301076,1909f56bfc062723c751e8b465ee728b)
Start importing Assets/Grass And Flowers Pack 1/Example Scene/Gray.png using Guid(1761a9c228ab3da45a324633d6e020f4) Importer(815301076,1909f56bfc062723c751e8b465ee728b)  -> (artifact id: '3c9114fc640c937e27b83f85b3c4d460') in 0.011062 seconds 
========================================================================
Received Import Request.
  Time since last request: 0.000022 seconds.
  path: Assets/_TerrainAutoUpgrade/layer_GrassUV01GrassUV01_Nd668f1e20ece139b.terrainlayer
  artifactKey: Guid(94371b610999d3d4f9617358cc3801ea) Importer(815301076,1909f56bfc062723c751e8b465ee728b)
Start importing Assets/_TerrainAutoUpgrade/layer_GrassUV01GrassUV01_Nd668f1e20ece139b.terrainlayer using Guid(94371b610999d3d4f9617358cc3801ea) Importer(815301076,1909f56bfc062723c751e8b465ee728b)  -> (artifact id: 'ef1a86c767526c10a2eefb3908db40db') in 0.088720 seconds 
========================================================================
Received Import Request.
  Time since last request: 0.136704 seconds.
  path: Assets/Materials/MI_DeadGrass_A1.mat
  artifactKey: Guid(abc00000000007666749750384885176) Importer(815301076,1909f56bfc062723c751e8b465ee728b)
Start importing Assets/Materials/MI_DeadGrass_A1.mat using Guid(abc00000000007666749750384885176) Importer(815301076,1909f56bfc062723c751e8b465ee728b)  -> (artifact id: '8f9680960b670769d19cad634e5c5c9b') in 0.188577 seconds 
